Arguments: 
  /usr/bin/node /home/nick/.yarn/bin/yarn.js install

PATH: 
  /home/nick/.yarn/bin:/home/nick/.config/yarn/global/node_modules/.bin:/home/nick/.yarn/bin:/home/nick/.config/yarn/global/node_modules/.bin:/usr/local/sbin:/usr/local/bin:/usr/sbin:/usr/bin:/sbin:/bin:/usr/games:/usr/local/games:/snap/bin:/snap/bin

Yarn version: 
  1.22.19

Node version: 
  12.22.9

Platform: 
  linux x64

Trace: 
  Error: connect ENETUNREACH 104.16.22.35:443 - Local (0.0.0.0:0)
      at internalConnect (net.js:924:16)
      at defaultTriggerAsyncIdScope (internal/async_hooks.js:364:12)
      at emitLookup (net.js:1060:9)
      at /home/nick/.yarn/lib/cli.js:103587:28
      at /home/nick/.yarn/lib/cli.js:103496:13
      at RawTask.module.exports.RawTask.call (/home/nick/.yarn/lib/cli.js:79584:19)
      at flush (/home/nick/.yarn/lib/cli.js:79666:29)
      at processTicksAndRejections (internal/process/task_queues.js:79:11)

npm manifest: 
  {
    "name": "hotel_api",
    "version": "1.0.0",
    "description": "",
    "main": "index.js",
    "scripts": {
      "test": "echo \"Error: no test specified\" && exit 1"
    },
    "keywords": [],
    "author": "",
    "license": "ISC",
    "devDependencies": {
      "@types/node": "^18.14.1",
      "nodemon": "^2.0.20",
      "ts-node": "^10.9.1",
      "typescript": "^4.9.5"
    },
    "dependencies": {
      "@types/express": "^4.17.17",
      "accesscontrol": "^2.2.1",
      "bcrypt": "^5.1.0",
      "dotenv": "^16.0.3",
      "jsonwebtoken": "^9.0.0",
      "mongoose": "^6.10.0"
    }
  }

yarn manifest: 
  No manifest

Lockfile: 
  No lockfile
